#
# A fatal error has been detected by the Java Runtime Environment:
#
#  SIGSEGV (0xb) at pc=0x00007f11b2d0e691, pid=4250, tid=139713860065024
#
# JRE version: OpenJDK Runtime Environment (7.0_95) (build 1.7.0_95-b00)
# Java VM: OpenJDK 64-Bit Server VM (24.95-b01 mixed mode linux-amd64 compressed oops)
# Derivative: IcedTea 2.6.4
# Distribution: Ubuntu 15.10, package 7u95-2.6.4-0ubuntu0.15.10.2
# Problematic frame:
# C  [libLeap.so+0x5a691]
#
# Failed to write core dump. Core dumps have been disabled. To enable core dumping, try "ulimit -c unlimited" before starting Java again
#
# If you would like to submit a bug report, please include
# instructions on how to reproduce the bug and visit:
#   http://icedtea.classpath.org/bugzilla
# The crash happened outside the Java Virtual Machine in native code.
# See problematic frame for where to report the bug.
#

---------------  T H R E A D  ---------------

Current thread (0x00007f115c001000):  JavaThread "Thread-300" [_thread_in_native, id=4275, stack(0x00007f11aa7fd000,0x00007f11aaffe000)]

siginfo:si_signo=SIGSEGV: si_errno=0, si_code=1 (SEGV_MAPERR), si_addr=0x0000000000000008

Registers:
RAX=0x00007f115c0183d0, RBX=0x0000000000000000, RCX=0x00007f115c000020, RDX=0x0000000066666667
RSP=0x00007f11aaffc6a0, RBP=0x0000000000000005, RSI=0x0000000000000000, RDI=0x0000000000000000
R8 =0x00007f1158005060, R9 =0x00007f115c0183c0, R10=0x00007f11b9012d6c, R11=0x00007f11c377b680
R12=0x0000000000000000, R13=0x00007f11aaffc6b0, R14=0x00007f115802c620, R15=0x00007f11aaffc750
RIP=0x00007f11b2d0e691, EFLAGS=0x0000000000010206, CSGSFS=0x0000000000000033, ERR=0x0000000000000004
  TRAPNO=0x000000000000000e

Top of Stack: (sp=0x00007f11aaffc6a0)
0x00007f11aaffc6a0:   00000007d8d90120 00007f11aaffc6c0
0x00007f11aaffc6b0:   00000007d70927d0 00007f11aaffc6b8
0x00007f11aaffc6c0:   00007f115c0183d0 00007f115c0183d0
0x00007f11aaffc6d0:   00007f115c018420 00007f11b90658ac
0x00007f11aaffc6e0:   00000000fb1b202f 00007f11b90826d8
0x00007f11aaffc6f0:   00000001fb1b2047 00007f11fb1b204b
0x00007f11aaffc700:   00000007d8d90238 00007f11aaffc750
0x00007f11aaffc710:   00007f11aaffc750 0000000000000000
0x00007f11aaffc720:   000000077a6dbe68 00007f11aaffc808
0x00007f11aaffc730:   00007f115c001000 00007f11b2d0e9b7
0x00007f11aaffc740:   000000077a6dbe68 00007f11b3078b16
0x00007f11aaffc750:   0000000000000029 0000000000000000
0x00007f11aaffc760:   000000077a6dbe68 00007f11aaffc7d8
0x00007f11aaffc770:   0000000000000000 00007f11b9012d98
0x00007f11aaffc780:   0000000000000000 0000000000000000
0x00007f11aaffc790:   00007f11aaffc780 00007f11aaffc798
0x00007f11aaffc7a0:   0000000000000000 00007f11aaffc808
0x00007f11aaffc7b0:   000000077a6f11a0 0000000000000000
0x00007f11aaffc7c0:   000000077a6dbe68 0000000000000000
0x00007f11aaffc7d0:   00007f11aaffc7f8 00007f11aaffc860
0x00007f11aaffc7e0:   00007f11b9006175 00000007d8d881a8
0x00007f11aaffc7f0:   00007f11b900ecd7 00000007d70919f0
0x00007f11aaffc800:   00007f115c07bf60 00007f11aaffc7f8
0x00007f11aaffc810:   00000007d7092800 00000007d7092800
0x00007f11aaffc820:   00007f11aaffc820 000000077a70c2a9
0x00007f11aaffc830:   00007f11aaffc870 000000077a70e228
0x00007f11aaffc840:   0000000000000000 000000077a70c2b8
0x00007f11aaffc850:   00007f11aaffc7f8 00007f11aaffc870
0x00007f11aaffc860:   00007f11aaffc8b8 00007f11b9006233
0x00007f11aaffc870:   00000007d70919f0 00007f11aaffc878
0x00007f11aaffc880:   000000077a6d039a 00007f11aaffc940
0x00007f11aaffc890:   000000077a6d2150 000000077a7363c8 

Instructions: (pc=0x00007f11b2d0e691)
0x00007f11b2d0e671:   e8 7a 88 ff ff 4c 8d 6c 24 10 31 db 48 85 ed 74
0x00007f11b2d0e681:   6c 4d 8b 86 58 01 00 00 ba 67 66 66 66 49 8b 30
0x00007f11b2d0e691:   8b 4e 08 89 c8 f7 ea 89 c8 c1 f8 1f c1 fa 02 29
0x00007f11b2d0e6a1:   c2 8d 04 92 01 c0 29 c1 39 cb 0f 84 7f 01 00 00 

Register to memory mapping:

RAX=0x00007f115c0183d0 is an unknown value
RBX=0x0000000000000000 is an unknown value
RCX=0x00007f115c000020 is an unknown value
RDX=0x0000000066666667 is an unknown value
RSP=0x00007f11aaffc6a0 is pointing into the stack for thread: 0x00007f115c001000
RBP=0x0000000000000005 is an unknown value
RSI=0x0000000000000000 is an unknown value
RDI=0x0000000000000000 is an unknown value
R8 =0x00007f1158005060 is an unknown value
R9 =0x00007f115c0183c0 is an unknown value
R10=0x00007f11b9012d6c is at code_begin+620 in an Interpreter codelet
method entry point (kind = native)  [0x00007f11b9012b00, 0x00007f11b9013360]  2144 bytes
R11=0x00007f11c377b680: <offset 0x89b680> in /usr/lib/jvm/java-7-openjdk-amd64/jre/lib/amd64/server/libjvm.so at 0x00007f11c2ee0000
R12=0x0000000000000000 is an unknown value
R13=0x00007f11aaffc6b0 is pointing into the stack for thread: 0x00007f115c001000
R14=0x00007f115802c620 is an unknown value
R15=0x00007f11aaffc750 is pointing into the stack for thread: 0x00007f115c001000


Stack: [0x00007f11aa7fd000,0x00007f11aaffe000],  sp=0x00007f11aaffc6a0,  free space=8189k
Native frames: (J=compiled Java code, j=interpreted, Vv=VM code, C=native code)
C  [libLeap.so+0x5a691]

Java frames: (J=compiled Java code, j=interpreted, Vv=VM code)
j  com.leapmotion.leap.LeapJNI.Hand_fingers(JLcom/leapmotion/leap/Hand;)J+0
j  com.leapmotion.leap.Hand.fingers()Lcom/leapmotion/leap/FingerList;+9
j  SampleListener.onFrame(Lcom/leapmotion/leap/Controller;)V+338
j  com.leapmotion.leap.LeapJNI.SwigDirector_Listener_onFrame(Lcom/leapmotion/leap/Listener;J)V+10
v  ~StubRoutines::call_stub

---------------  P R O C E S S  ---------------

Java Threads: ( => current thread )
=>0x00007f115c001000 JavaThread "Thread-300" [_thread_in_native, id=4275, stack(0x00007f11aa7fd000,0x00007f11aaffe000)]
  0x00007f11bc0b0000 JavaThread "Service Thread" daemon [_thread_blocked, id=4266, stack(0x00007f11b3392000,0x00007f11b3493000)]
  0x00007f11bc0ad800 JavaThread "C2 CompilerThread1" daemon [_thread_blocked, id=4265, stack(0x00007f11b3493000,0x00007f11b3594000)]
  0x00007f11bc0aa800 JavaThread "C2 CompilerThread0" daemon [_thread_blocked, id=4264, stack(0x00007f11b3594000,0x00007f11b3695000)]
  0x00007f11bc0a8000 JavaThread "Signal Dispatcher" daemon [_thread_blocked, id=4263, stack(0x00007f11b3695000,0x00007f11b3796000)]
  0x00007f11bc07c000 JavaThread "Finalizer" daemon [_thread_blocked, id=4262, stack(0x00007f11b808e000,0x00007f11b818f000)]
  0x00007f11bc07a000 JavaThread "Reference Handler" daemon [_thread_blocked, id=4261, stack(0x00007f11b818f000,0x00007f11b8290000)]
  0x00007f11bc00a000 JavaThread "main" [_thread_in_native, id=4255, stack(0x00007f11c4a1c000,0x00007f11c4b1d000)]

Other Threads:
  0x00007f11bc075800 VMThread [stack: 0x00007f11b8290000,0x00007f11b8391000] [id=4260]
  0x00007f11bc0ba800 WatcherThread [stack: 0x00007f11b3291000,0x00007f11b3392000] [id=4267]

VM state:not at safepoint (normal execution)

VM Mutex/Monitor currently owned by a thread: None

Heap
 PSYoungGen      total 32768K, used 4166K [0x00000007d6e00000, 0x00000007d9300000, 0x0000000800000000)
  eden space 31744K, 10% used [0x00000007d6e00000,0x00000007d7119be0,0x00000007d8d00000)
  from space 1024K, 96% used [0x00000007d8d80000,0x00000007d8e78000,0x00000007d8e80000)
  to   space 1536K, 0% used [0x00000007d9180000,0x00000007d9180000,0x00000007d9300000)
 ParOldGen       total 83968K, used 32K [0x0000000784a00000, 0x0000000789c00000, 0x00000007d6e00000)
  object space 83968K, 0% used [0x0000000784a00000,0x0000000784a08000,0x0000000789c00000)
 PSPermGen       total 21504K, used 3322K [0x000000077a400000, 0x000000077b900000, 0x0000000784a00000)
  object space 21504K, 15% used [0x000000077a400000,0x000000077a73e8d8,0x000000077b900000)

Card table byte_map: [0x00007f11c1184000,0x00007f11c15b3000] byte_map_base: 0x00007f11bd5b2000

Polling page: 0x00007f11c4b43000

Code Cache  [0x00007f11b9000000, 0x00007f11b9270000, 0x00007f11bc000000)
 total_blobs=292 nmethods=87 adapters=158 free_code_cache=48577Kb largest_free_block=49712448

Compilation events (10 events):
Event: 3.353 Thread 0x00007f11bc0aa800 nmethod 82 0x00007f11b9088110 code [0x00007f11b9088260, 0x00007f11b90885e8]
Event: 3.353 Thread 0x00007f11bc0aa800   83  s          com.leapmotion.leap.Vector::delete (34 bytes)
Event: 3.353 Thread 0x00007f11bc0ad800 nmethod 81% 0x00007f11b9090450 code [0x00007f11b90905c0, 0x00007f11b9090758]
Event: 3.354 Thread 0x00007f11bc0aa800 nmethod 83 0x00007f11b908fe90 code [0x00007f11b908ffe0, 0x00007f11b9090368]
Event: 3.565 Thread 0x00007f11bc0ad800   85             sun.misc.FloatingDecimal::dtoa (1421 bytes)
Event: 3.593 Thread 0x00007f11bc0ad800 nmethod 85 0x00007f11b9094350 code [0x00007f11b90945c0, 0x00007f11b9095d48]
Event: 3.665 Thread 0x00007f11bc0aa800   86             com.leapmotion.leap.Interface::<init> (15 bytes)
Event: 3.666 Thread 0x00007f11bc0aa800 nmethod 86 0x00007f11b9088c90 code [0x00007f11b9088dc0, 0x00007f11b9088e58]
Event: 3.766 Thread 0x00007f11bc0ad800   87  s          com.leapmotion.leap.Interface::delete (37 bytes)
Event: 3.767 Thread 0x00007f11bc0ad800 nmethod 87 0x00007f11b908fa10 code [0x00007f11b908fb60, 0x00007f11b908fdd8]

GC Heap History (10 events):
Event: 0.820 GC heap before
{Heap before GC invocations=1 (full 0):
 PSYoungGen      total 37376K, used 32256K [0x00000007d6e00000, 0x00000007d9780000, 0x0000000800000000)
  eden space 32256K, 100% used [0x00000007d6e00000,0x00000007d8d80000,0x00000007d8d80000)
  from space 5120K, 0% used [0x00000007d9280000,0x00000007d9280000,0x00000007d9780000)
  to   space 5120K, 0% used [0x00000007d8d80000,0x00000007d8d80000,0x00000007d9280000)
 ParOldGen       total 83968K, used 0K [0x0000000784a00000, 0x0000000789c00000, 0x00000007d6e00000)
  object space 83968K, 0% used [0x0000000784a00000,0x0000000784a00000,0x0000000789c00000)
 PSPermGen       total 21504K, used 3116K [0x000000077a400000, 0x000000077b900000, 0x0000000784a00000)
  object space 21504K, 14% used [0x000000077a400000,0x000000077a70b020,0x000000077b900000)
Event: 0.821 GC heap after
Heap after GC invocations=1 (full 0):
 PSYoungGen      total 37376K, used 442K [0x00000007d6e00000, 0x00000007d9780000, 0x0000000800000000)
  eden space 32256K, 0% used [0x00000007d6e00000,0x00000007d6e00000,0x00000007d8d80000)
  from space 5120K, 8% used [0x00000007d8d80000,0x00000007d8dee898,0x00000007d9280000)
  to   space 5120K, 0% used [0x00000007d9280000,0x00000007d9280000,0x00000007d9780000)
 ParOldGen       total 83968K, used 0K [0x0000000784a00000, 0x0000000789c00000, 0x00000007d6e00000)
  object space 83968K, 0% used [0x0000000784a00000,0x0000000784a00000,0x0000000789c00000)
 PSPermGen       total 21504K, used 3116K [0x000000077a400000, 0x000000077b900000, 0x0000000784a00000)
  object space 21504K, 14% used [0x000000077a400000,0x000000077a70b020,0x000000077b900000)
}
Event: 2.367 GC heap before
{Heap before GC invocations=2 (full 0):
 PSYoungGen      total 37376K, used 32698K [0x00000007d6e00000, 0x00000007d9780000, 0x0000000800000000)
  eden space 32256K, 100% used [0x00000007d6e00000,0x00000007d8d80000,0x00000007d8d80000)
  from space 5120K, 8% used [0x00000007d8d80000,0x00000007d8dee898,0x00000007d9280000)
  to   space 5120K, 0% used [0x00000007d9280000,0x00000007d9280000,0x00000007d9780000)
 ParOldGen       total 83968K, used 0K [0x0000000784a00000, 0x0000000789c00000, 0x00000007d6e00000)
  object space 83968K, 0% used [0x0000000784a00000,0x0000000784a00000,0x0000000789c00000)
 PSPermGen       total 21504K, used 3116K [0x000000077a400000, 0x000000077b900000, 0x0000000784a00000)
  object space 21504K, 14% used [0x000000077a400000,0x000000077a70b020,0x000000077b900000)
Event: 2.369 GC heap after
Heap after GC invocations=2 (full 0):
 PSYoungGen      total 37376K, used 352K [0x00000007d6e00000, 0x00000007d9780000, 0x0000000800000000)
  eden space 32256K, 0% used [0x00000007d6e00000,0x00000007d6e00000,0x00000007d8d80000)
  from space 5120K, 6% used [0x00000007d9280000,0x00000007d92d8000,0x00000007d9780000)
  to   space 5120K, 0% used [0x00000007d8d80000,0x00000007d8d80000,0x00000007d9280000)
 ParOldGen       total 83968K, used 8K [0x0000000784a00000, 0x0000000789c00000, 0x00000007d6e00000)
  object space 83968K, 0% used [0x0000000784a00000,0x0000000784a02000,0x0000000789c00000)
 PSPermGen       total 21504K, used 3116K [0x000000077a400000, 0x000000077b900000, 0x0000000784a00000)
  object space 21504K, 14% used [0x000000077a400000,0x000000077a70b020,0x000000077b900000)
}
Event: 2.832 GC heap before
{Heap before GC invocations=3 (full 0):
 PSYoungGen      total 37376K, used 32608K [0x00000007d6e00000, 0x00000007d9780000, 0x0000000800000000)
  eden space 32256K, 100% used [0x00000007d6e00000,0x00000007d8d80000,0x00000007d8d80000)
  from space 5120K, 6% used [0x00000007d9280000,0x00000007d92d8000,0x00000007d9780000)
  to   space 5120K, 0% used [0x00000007d8d80000,0x00000007d8d80000,0x00000007d9280000)
 ParOldGen       total 83968K, used 8K [0x0000000784a00000, 0x0000000789c00000, 0x00000007d6e00000)
  object space 83968K, 0% used [0x0000000784a00000,0x0000000784a02000,0x0000000789c00000)
 PSPermGen       total 21504K, used 3275K [0x000000077a400000, 0x000000077b900000, 0x0000000784a00000)
  object space 21504K, 15% used [0x000000077a400000,0x000000077a732e70,0x000000077b900000)
Event: 2.837 GC heap after
Heap after GC invocations=3 (full 0):
 PSYoungGen      total 37376K, used 848K [0x00000007d6e00000, 0x00000007d9780000, 0x0000000800000000)
  eden space 32256K, 0% used [0x00000007d6e00000,0x00000007d6e00000,0x00000007d8d80000)
  from space 5120K, 16% used [0x00000007d8d80000,0x00000007d8e54010,0x00000007d9280000)
  to   space 5120K, 0% used [0x00000007d9280000,0x00000007d9280000,0x00000007d9780000)
 ParOldGen       total 83968K, used 16K [0x0000000784a00000, 0x0000000789c00000, 0x00000007d6e00000)
  object space 83968K, 0% used [0x0000000784a00000,0x0000000784a04000,0x0000000789c00000)
 PSPermGen       total 21504K, used 3275K [0x000000077a400000, 0x000000077b900000, 0x0000000784a00000)
  object space 21504K, 15% used [0x000000077a400000,0x000000077a732e70,0x000000077b900000)
}
Event: 3.285 GC heap before
{Heap before GC invocations=4 (full 0):
 PSYoungGen      total 37376K, used 33104K [0x00000007d6e00000, 0x00000007d9780000, 0x0000000800000000)
  eden space 32256K, 100% used [0x00000007d6e00000,0x00000007d8d80000,0x00000007d8d80000)
  from space 5120K, 16% used [0x00000007d8d80000,0x00000007d8e54010,0x00000007d9280000)
  to   space 5120K, 0% used [0x00000007d9280000,0x00000007d9280000,0x00000007d9780000)
 ParOldGen       total 83968K, used 16K [0x0000000784a00000, 0x0000000789c00000, 0x00000007d6e00000)
  object space 83968K, 0% used [0x0000000784a00000,0x0000000784a04000,0x0000000789c00000)
 PSPermGen       total 21504K, used 3317K [0x000000077a400000, 0x000000077b900000, 0x0000000784a00000)
  object space 21504K, 15% used [0x000000077a400000,0x000000077a73d7d0,0x000000077b900000)
Event: 3.289 GC heap after
Heap after GC invocations=4 (full 0):
 PSYoungGen      total 37376K, used 992K [0x00000007d6e00000, 0x00000007d9780000, 0x0000000800000000)
  eden space 32256K, 0% used [0x00000007d6e00000,0x00000007d6e00000,0x00000007d8d80000)
  from space 5120K, 19% used [0x00000007d9280000,0x00000007d9378020,0x00000007d9780000)
  to   space 5120K, 0% used [0x00000007d8d80000,0x00000007d8d80000,0x00000007d9280000)
 ParOldGen       total 83968K, used 24K [0x0000000784a00000, 0x0000000789c00000, 0x00000007d6e00000)
  object space 83968K, 0% used [0x0000000784a00000,0x0000000784a06000,0x0000000789c00000)
 PSPermGen       total 21504K, used 3317K [0x000000077a400000, 0x000000077b900000, 0x0000000784a00000)
  object space 21504K, 15% used [0x000000077a400000,0x000000077a73d7d0,0x000000077b900000)
}
Event: 3.755 GC heap before
{Heap before GC invocations=5 (full 0):
 PSYoungGen      total 37376K, used 33248K [0x00000007d6e00000, 0x00000007d9780000, 0x0000000800000000)
  eden space 32256K, 100% used [0x00000007d6e00000,0x00000007d8d80000,0x00000007d8d80000)
  from space 5120K, 19% used [0x00000007d9280000,0x00000007d9378020,0x00000007d9780000)
  to   space 5120K, 0% used [0x00000007d8d80000,0x00000007d8d80000,0x00000007d9280000)
 ParOldGen       total 83968K, used 24K [0x0000000784a00000, 0x0000000789c00000, 0x00000007d6e00000)
  object space 83968K, 0% used [0x0000000784a00000,0x0000000784a06000,0x0000000789c00000)
 PSPermGen       total 21504K, used 3322K [0x000000077a400000, 0x000000077b900000, 0x0000000784a00000)
  object space 21504K, 15% used [0x000000077a400000,0x000000077a73e8d8,0x000000077b900000)
Event: 3.760 GC heap after
Heap after GC invocations=5 (full 0):
 PSYoungGen      total 32768K, used 992K [0x00000007d6e00000, 0x00000007d9300000, 0x0000000800000000)
  eden space 31744K, 0% used [0x00000007d6e00000,0x00000007d6e00000,0x00000007d8d00000)
  from space 1024K, 96% used [0x00000007d8d80000,0x00000007d8e78000,0x00000007d8e80000)
  to   space 1536K, 0% used [0x00000007d9180000,0x00000007d9180000,0x00000007d9300000)
 ParOldGen       total 83968K, used 32K [0x0000000784a00000, 0x0000000789c00000, 0x00000007d6e00000)
  object space 83968K, 0% used [0x0000000784a00000,0x0000000784a08000,0x0000000789c00000)
 PSPermGen       total 21504K, used 3322K [0x000000077a400000, 0x000000077b900000, 0x0000000784a00000)
  object space 21504K, 15% used [0x000000077a400000,0x000000077a73e8d8,0x000000077b900000)
}

Deoptimization events (1 events):
Event: 3.193 Thread 0x00007f115c058800 Uncommon trap: reason=unstable_if action=reinterpret pc=0x00007f11b9070544 method=sun.misc.FloatingDecimal.dtoa(IJI)V @ 822

Internal exceptions (10 events):
Event: 2.420 Thread 0x00007f115c001000 Threw 0x00000007d70f1358 at /build/openjdk-7-UoaBYD/openjdk-7-7u95-2.6.4/build/openjdk/hotspot/src/share/vm/prims/jvm.cpp:1322
Event: 2.421 Thread 0x00007f115c001000 Threw 0x00000007d70f6d30 at /build/openjdk-7-UoaBYD/openjdk-7-7u95-2.6.4/build/openjdk/hotspot/src/share/vm/prims/jvm.cpp:1322
Event: 2.422 Thread 0x00007f115c001000 Threw 0x00000007d70fb210 at /build/openjdk-7-UoaBYD/openjdk-7-7u95-2.6.4/build/openjdk/hotspot/src/share/vm/prims/jvm.cpp:1322
Event: 2.423 Thread 0x00007f115c001000 Threw 0x00000007d70ff1d8 at /build/openjdk-7-UoaBYD/openjdk-7-7u95-2.6.4/build/openjdk/hotspot/src/share/vm/prims/jvm.cpp:1322
Event: 2.423 Thread 0x00007f115c001000 Threw 0x00000007d71034a8 at /build/openjdk-7-UoaBYD/openjdk-7-7u95-2.6.4/build/openjdk/hotspot/src/share/vm/prims/jvm.cpp:1322
Event: 2.424 Thread 0x00007f115c001000 Threw 0x00000007d71065f0 at /build/openjdk-7-UoaBYD/openjdk-7-7u95-2.6.4/build/openjdk/hotspot/src/share/vm/prims/jvm.cpp:1322
Event: 3.132 Thread 0x00007f115c058800 Threw 0x00000007d83184d8 at /build/openjdk-7-UoaBYD/openjdk-7-7u95-2.6.4/build/openjdk/hotspot/src/share/vm/prims/jvm.cpp:1322
Event: 3.132 Thread 0x00007f115c058800 Threw 0x00000007d831d0b0 at /build/openjdk-7-UoaBYD/openjdk-7-7u95-2.6.4/build/openjdk/hotspot/src/share/vm/prims/jvm.cpp:1322
Event: 3.133 Thread 0x00007f115c058800 Threw 0x00000007d8321638 at /build/openjdk-7-UoaBYD/openjdk-7-7u95-2.6.4/build/openjdk/hotspot/src/share/vm/prims/jvm.cpp:1322
Event: 3.133 Thread 0x00007f115c058800 Threw 0x00000007d8325b00 at /build/openjdk-7-UoaBYD/openjdk-7-7u95-2.6.4/build/openjdk/hotspot/src/share/vm/prims/jvm.cpp:1322

Events (10 events):
Event: 3.755 Executing VM operation: ParallelGCFailedAllocation
Event: 3.760 Executing VM operation: ParallelGCFailedAllocation done
Event: 3.762 Thread 0x00007f115c001000 Thread exited: 0x00007f115c001000
Event: 3.769 Thread 0x00007f115c001000 Thread added: 0x00007f115c001000
Event: 3.770 Thread 0x00007f115c001000 Thread exited: 0x00007f115c001000
Event: 3.774 Thread 0x00007f115c001000 Thread added: 0x00007f115c001000
Event: 3.776 Thread 0x00007f115c001000 Thread exited: 0x00007f115c001000
Event: 3.782 Thread 0x00007f115c001000 Thread added: 0x00007f115c001000
Event: 3.783 Thread 0x00007f115c001000 Thread exited: 0x00007f115c001000
Event: 3.792 Thread 0x00007f115c001000 Thread added: 0x00007f115c001000


Dynamic libraries:
00400000-00401000 r-xp 00000000 08:03 39977594                           /usr/lib/jvm/java-7-openjdk-amd64/jre/bin/java
00600000-00601000 r--p 00000000 08:03 39977594                           /usr/lib/jvm/java-7-openjdk-amd64/jre/bin/java
00601000-00602000 rw-p 00001000 08:03 39977594                           /usr/lib/jvm/java-7-openjdk-amd64/jre/bin/java
00622000-00643000 rw-p 00000000 00:00 0                                  [heap]
77a400000-77b900000 rw-p 00000000 00:00 0 
77b900000-784a00000 rw-p 00000000 00:00 0 
784a00000-789c00000 rw-p 00000000 00:00 0 
789c00000-7d6e00000 rw-p 00000000 00:00 0 
7d6e00000-7d9300000 rw-p 00000000 00:00 0 
7d9300000-7d9780000 ---p 00000000 00:00 0 
7d9780000-800000000 rw-p 00000000 00:00 0 
7f1158000000-7f115807c000 rw-p 00000000 00:00 0 
7f115807c000-7f115c000000 ---p 00000000 00:00 0 
7f115c000000-7f115c09b000 rw-p 00000000 00:00 0 
7f115c09b000-7f1160000000 ---p 00000000 00:00 0 
7f1160000000-7f116010f000 rw-p 00000000 00:00 0 
7f116010f000-7f1164000000 ---p 00000000 00:00 0 
7f1164000000-7f1164021000 rw-p 00000000 00:00 0 
7f1164021000-7f1168000000 ---p 00000000 00:00 0 
7f1168000000-7f1168021000 rw-p 00000000 00:00 0 
7f1168021000-7f116c000000 ---p 00000000 00:00 0 
7f116c000000-7f116c021000 rw-p 00000000 00:00 0 
7f116c021000-7f1170000000 ---p 00000000 00:00 0 
7f1170000000-7f1170021000 rw-p 00000000 00:00 0 
7f1170021000-7f1174000000 ---p 00000000 00:00 0 
7f1174000000-7f1174021000 rw-p 00000000 00:00 0 
7f1174021000-7f1178000000 ---p 00000000 00:00 0 
7f1178000000-7f1178021000 rw-p 00000000 00:00 0 
7f1178021000-7f117c000000 ---p 00000000 00:00 0 
7f117c000000-7f117c021000 rw-p 00000000 00:00 0 
7f117c021000-7f1180000000 ---p 00000000 00:00 0 
7f1180000000-7f118020f000 rw-p 00000000 00:00 0 
7f118020f000-7f1184000000 ---p 00000000 00:00 0 
7f1184000000-7f118425c000 rw-p 00000000 00:00 0 
7f118425c000-7f1188000000 ---p 00000000 00:00 0 
7f1188000000-7f1188027000 rw-p 00000000 00:00 0 
7f1188027000-7f118c000000 ---p 00000000 00:00 0 
7f118c000000-7f118c021000 rw-p 00000000 00:00 0 
7f118c021000-7f1190000000 ---p 00000000 00:00 0 
7f1190000000-7f1190021000 rw-p 00000000 00:00 0 
7f1190021000-7f1194000000 ---p 00000000 00:00 0 
7f1197d20000-7f119c000000 rw-p 00000000 00:00 0 
7f119c000000-7f119c021000 rw-p 00000000 00:00 0 
7f119c021000-7f11a0000000 ---p 00000000 00:00 0 
7f11a0000000-7f11a0021000 rw-p 00000000 00:00 0 
7f11a0021000-7f11a4000000 ---p 00000000 00:00 0 
7f11a4000000-7f11a4021000 rw-p 00000000 00:00 0 
7f11a4021000-7f11a8000000 ---p 00000000 00:00 0 
7f11a8ffa000-7f11a8ffb000 ---p 00000000 00:00 0 
7f11a8ffb000-7f11a97fb000 rw-p 00000000 00:00 0                          [stack:4279]
7f11a97fb000-7f11a97fc000 ---p 00000000 00:00 0 
7f11a97fc000-7f11a9ffc000 rw-p 00000000 00:00 0                          [stack:4277]
7f11a9ffc000-7f11a9ffd000 ---p 00000000 00:00 0 
7f11a9ffd000-7f11aa7fd000 rw-p 00000000 00:00 0                          [stack:4276]
7f11aa7fd000-7f11aa800000 ---p 00000000 00:00 0 
7f11aa800000-7f11aaffe000 rw-p 00000000 00:00 0                          [stack:4275]
7f11aaffe000-7f11aafff000 ---p 00000000 00:00 0 
7f11aafff000-7f11ab7ff000 rw-p 00000000 00:00 0                          [stack:4274]
7f11ab7ff000-7f11ab800000 ---p 00000000 00:00 0 
7f11ab800000-7f11ac000000 rw-p 00000000 00:00 0                          [stack:4273]
7f11ac000000-7f11ac021000 rw-p 00000000 00:00 0 
7f11ac021000-7f11b0000000 ---p 00000000 00:00 0 
7f11b04af000-7f11b04b0000 ---p 00000000 00:00 0 
7f11b04b0000-7f11b0cb0000 rw-p 00000000 00:00 0                          [stack:4272]
7f11b0cb0000-7f11b0cb3000 ---p 00000000 00:00 0 
7f11b0cb3000-7f11b14b1000 rw-p 00000000 00:00 0                          [stack:4271]
7f11b14b1000-7f11b14b2000 ---p 00000000 00:00 0 
7f11b14b2000-7f11b1cb2000 rw-p 00000000 00:00 0                          [stack:4270]
7f11b1cb2000-7f11b1cb3000 ---p 00000000 00:00 0 
7f11b1cb3000-7f11b24b3000 rw-p 00000000 00:00 0                          [stack:4269]
7f11b24b3000-7f11b24b4000 ---p 00000000 00:00 0 
7f11b24b4000-7f11b2cb4000 rw-p 00000000 00:00 0                          [stack:4268]
7f11b2cb4000-7f11b2e4d000 r-xp 00000000 08:03 37752877                   /home/haxx/Downloads/LeapDeveloperKit_2.3.1+31549_linux/LeapSDK/lib/x64/libLeap.so
7f11b2e4d000-7f11b304d000 ---p 00199000 08:03 37752877                   /home/haxx/Downloads/LeapDeveloperKit_2.3.1+31549_linux/LeapSDK/lib/x64/libLeap.so
7f11b304d000-7f11b3058000 r--p 00199000 08:03 37752877                   /home/haxx/Downloads/LeapDeveloperKit_2.3.1+31549_linux/LeapSDK/lib/x64/libLeap.so
7f11b3058000-7f11b305a000 rw-p 001a4000 08:03 37752877                   /home/haxx/Downloads/LeapDeveloperKit_2.3.1+31549_linux/LeapSDK/lib/x64/libLeap.so
7f11b305a000-7f11b305c000 rw-p 00000000 00:00 0 
7f11b305c000-7f11b3090000 r-xp 00000000 08:03 37752879                   /home/haxx/Downloads/LeapDeveloperKit_2.3.1+31549_linux/LeapSDK/lib/x64/libLeapJava.so
7f11b3090000-7f11b328f000 ---p 00034000 08:03 37752879                   /home/haxx/Downloads/LeapDeveloperKit_2.3.1+31549_linux/LeapSDK/lib/x64/libLeapJava.so
7f11b328f000-7f11b3290000 r--p 00033000 08:03 37752879                   /home/haxx/Downloads/LeapDeveloperKit_2.3.1+31549_linux/LeapSDK/lib/x64/libLeapJava.so
7f11b3290000-7f11b3291000 rw-p 00034000 08:03 37752879                   /home/haxx/Downloads/LeapDeveloperKit_2.3.1+31549_linux/LeapSDK/lib/x64/libLeapJava.so
7f11b3291000-7f11b3292000 ---p 00000000 00:00 0 
7f11b3292000-7f11b3392000 rw-p 00000000 00:00 0                          [stack:4267]
7f11b3392000-7f11b3395000 ---p 00000000 00:00 0 
7f11b3395000-7f11b3493000 rw-p 00000000 00:00 0                          [stack:4266]
7f11b3493000-7f11b3496000 ---p 00000000 00:00 0 
7f11b3496000-7f11b3594000 rw-p 00000000 00:00 0                          [stack:4265]
7f11b3594000-7f11b3597000 ---p 00000000 00:00 0 
7f11b3597000-7f11b3695000 rw-p 00000000 00:00 0                          [stack:4264]
7f11b3695000-7f11b3698000 ---p 00000000 00:00 0 
7f11b3698000-7f11b3796000 rw-p 00000000 00:00 0                          [stack:4263]
7f11b3796000-7f11b4000000 r--p 00000000 08:03 38017234                   /usr/lib/locale/locale-archive
7f11b4000000-7f11b4021000 rw-p 00000000 00:00 0 
7f11b4021000-7f11b8000000 ---p 00000000 00:00 0 
7f11b808e000-7f11b8091000 ---p 00000000 00:00 0 
7f11b8091000-7f11b818f000 rw-p 00000000 00:00 0                          [stack:4262]
7f11b818f000-7f11b8192000 ---p 00000000 00:00 0 
7f11b8192000-7f11b8290000 rw-p 00000000 00:00 0                          [stack:4261]
7f11b8290000-7f11b8291000 ---p 00000000 00:00 0 
7f11b8291000-7f11b9000000 rw-p 00000000 00:00 0                          [stack:4260]
7f11b9000000-7f11b9270000 rwxp 00000000 00:00 0 
7f11b9270000-7f11bc153000 rw-p 00000000 00:00 0 
7f11bc153000-7f11c0000000 ---p 00000000 00:00 0 
7f11c000b000-7f11c0399000 rw-p 00000000 00:00 0 
7f11c0399000-7f11c054a000 r--s 01d30000 08:03 39977658                   /usr/lib/jvm/java-7-openjdk-amd64/jre/lib/rt.jar
7f11c054a000-7f11c0a9b000 rw-p 00000000 00:00 0 
7f11c0a9b000-7f11c0a9c000 ---p 00000000 00:00 0 
7f11c0a9c000-7f11c0b9c000 rw-p 00000000 00:00 0                          [stack:4259]
7f11c0b9c000-7f11c0b9d000 ---p 00000000 00:00 0 
7f11c0b9d000-7f11c0c9d000 rw-p 00000000 00:00 0                          [stack:4258]
7f11c0c9d000-7f11c0c9e000 ---p 00000000 00:00 0 
7f11c0c9e000-7f11c0d9e000 rw-p 00000000 00:00 0                          [stack:4257]
7f11c0d9e000-7f11c0d9f000 ---p 00000000 00:00 0 
7f11c0d9f000-7f11c0eaa000 rw-p 00000000 00:00 0                          [stack:4256]
7f11c0eaa000-7f11c0ef2000 rw-p 00000000 00:00 0 
7f11c0ef2000-7f11c0f1b000 rw-p 00000000 00:00 0 
7f11c0f1b000-7f11c1184000 rw-p 00000000 00:00 0 
7f11c1184000-7f11c118f000 rw-p 00000000 00:00 0 
7f11c118f000-7f11c11d7000 rw-p 00000000 00:00 0 
7f11c11d7000-7f11c1200000 rw-p 00000000 00:00 0 
7f11c1200000-7f11c1469000 rw-p 00000000 00:00 0 
7f11c1469000-7f11c147c000 rw-p 00000000 00:00 0 
7f11c147c000-7f11c147e000 ---p 00000000 00:00 0 
7f11c147e000-7f11c15b2000 rw-p 00000000 00:00 0 
7f11c15b2000-7f11c15b3000 rw-p 00000000 00:00 0 
7f11c15b3000-7f11c15bb000 r-xp 00000000 08:03 39977625                   /usr/lib/jvm/java-7-openjdk-amd64/jre/lib/amd64/libzip.so
7f11c15bb000-7f11c17ba000 ---p 00008000 08:03 39977625                   /usr/lib/jvm/java-7-openjdk-amd64/jre/lib/amd64/libzip.so
7f11c17ba000-7f11c17bb000 r--p 00007000 08:03 39977625                   /usr/lib/jvm/java-7-openjdk-amd64/jre/lib/amd64/libzip.so
7f11c17bb000-7f11c17bc000 rw-p 00008000 08:03 39977625                   /usr/lib/jvm/java-7-openjdk-amd64/jre/lib/amd64/libzip.so
7f11c17bc000-7f11c17c8000 r-xp 00000000 08:03 9699419                    /lib/x86_64-linux-gnu/libnss_files-2.21.so
7f11c17c8000-7f11c19c7000 ---p 0000c000 08:03 9699419                    /lib/x86_64-linux-gnu/libnss_files-2.21.so
7f11c19c7000-7f11c19c8000 r--p 0000b000 08:03 9699419                    /lib/x86_64-linux-gnu/libnss_files-2.21.so
7f11c19c8000-7f11c19c9000 rw-p 0000c000 08:03 9699419                    /lib/x86_64-linux-gnu/libnss_files-2.21.so
7f11c19c9000-7f11c19d4000 r-xp 00000000 08:03 9699430                    /lib/x86_64-linux-gnu/libnss_nis-2.21.so
7f11c19d4000-7f11c1bd3000 ---p 0000b000 08:03 9699430                    /lib/x86_64-linux-gnu/libnss_nis-2.21.so
7f11c1bd3000-7f11c1bd4000 r--p 0000a000 08:03 9699430                    /lib/x86_64-linux-gnu/libnss_nis-2.21.so
7f11c1bd4000-7f11c1bd5000 rw-p 0000b000 08:03 9699430                    /lib/x86_64-linux-gnu/libnss_nis-2.21.so
7f11c1bd5000-7f11c1bec000 r-xp 00000000 08:03 9699424                    /lib/x86_64-linux-gnu/libnsl-2.21.so
7f11c1bec000-7f11c1deb000 ---p 00017000 08:03 9699424                    /lib/x86_64-linux-gnu/libnsl-2.21.so
7f11c1deb000-7f11c1dec000 r--p 00016000 08:03 9699424                    /lib/x86_64-linux-gnu/libnsl-2.21.so
7f11c1dec000-7f11c1ded000 rw-p 00017000 08:03 9699424                    /lib/x86_64-linux-gnu/libnsl-2.21.so
7f11c1ded000-7f11c1def000 rw-p 00000000 00:00 0 
7f11c1def000-7f11c1df7000 r-xp 00000000 08:03 9699420                    /lib/x86_64-linux-gnu/libnss_compat-2.21.so
7f11c1df7000-7f11c1ff6000 ---p 00008000 08:03 9699420                    /lib/x86_64-linux-gnu/libnss_compat-2.21.so
7f11c1ff6000-7f11c1ff7000 r--p 00007000 08:03 9699420                    /lib/x86_64-linux-gnu/libnss_compat-2.21.so
7f11c1ff7000-7f11c1ff8000 rw-p 00008000 08:03 9699420                    /lib/x86_64-linux-gnu/libnss_compat-2.21.so
7f11c1ff8000-7f11c2024000 r-xp 00000000 08:03 39977610                   /usr/lib/jvm/java-7-openjdk-amd64/jre/lib/amd64/libjava.so
7f11c2024000-7f11c2223000 ---p 0002c000 08:03 39977610                   /usr/lib/jvm/java-7-openjdk-amd64/jre/lib/amd64/libjava.so
7f11c2223000-7f11c2224000 r--p 0002b000 08:03 39977610                   /usr/lib/jvm/java-7-openjdk-amd64/jre/lib/amd64/libjava.so
7f11c2224000-7f11c2226000 rw-p 0002c000 08:03 39977610                   /usr/lib/jvm/java-7-openjdk-amd64/jre/lib/amd64/libjava.so
7f11c2226000-7f11c2235000 r-xp 00000000 08:03 39977611                   /usr/lib/jvm/java-7-openjdk-amd64/jre/lib/amd64/libverify.so
7f11c2235000-7f11c2434000 ---p 0000f000 08:03 39977611                   /usr/lib/jvm/java-7-openjdk-amd64/jre/lib/amd64/libverify.so
7f11c2434000-7f11c2436000 r--p 0000e000 08:03 39977611                   /usr/lib/jvm/java-7-openjdk-amd64/jre/lib/amd64/libverify.so
7f11c2436000-7f11c2437000 rw-p 00010000 08:03 39977611                   /usr/lib/jvm/java-7-openjdk-amd64/jre/lib/amd64/libverify.so
7f11c2437000-7f11c243e000 r-xp 00000000 08:03 9699346                    /lib/x86_64-linux-gnu/librt-2.21.so
7f11c243e000-7f11c263d000 ---p 00007000 08:03 9699346                    /lib/x86_64-linux-gnu/librt-2.21.so
7f11c263d000-7f11c263e000 r--p 00006000 08:03 9699346                    /lib/x86_64-linux-gnu/librt-2.21.so
7f11c263e000-7f11c263f000 rw-p 00007000 08:03 9699346                    /lib/x86_64-linux-gnu/librt-2.21.so
7f11c263f000-7f11c2655000 r-xp 00000000 08:03 9703787                    /lib/x86_64-linux-gnu/libgcc_s.so.1
7f11c2655000-7f11c2854000 ---p 00016000 08:03 9703787                    /lib/x86_64-linux-gnu/libgcc_s.so.1
7f11c2854000-7f11c2855000 r--p 00015000 08:03 9703787                    /lib/x86_64-linux-gnu/libgcc_s.so.1
7f11c2855000-7f11c2856000 rw-p 00016000 08:03 9703787                    /lib/x86_64-linux-gnu/libgcc_s.so.1
7f11c2856000-7f11c295d000 r-xp 00000000 08:03 9699432                    /lib/x86_64-linux-gnu/libm-2.21.so
7f11c295d000-7f11c2b5c000 ---p 00107000 08:03 9699432                    /lib/x86_64-linux-gnu/libm-2.21.so
7f11c2b5c000-7f11c2b5d000 r--p 00106000 08:03 9699432                    /lib/x86_64-linux-gnu/libm-2.21.so
7f11c2b5d000-7f11c2b5e000 rw-p 00107000 08:03 9699432                    /lib/x86_64-linux-gnu/libm-2.21.so
7f11c2b5e000-7f11c2cd1000 r-xp 00000000 08:03 38019498                   /usr/lib/x86_64-linux-gnu/libstdc++.so.6.0.21
7f11c2cd1000-7f11c2ed0000 ---p 00173000 08:03 38019498                   /usr/lib/x86_64-linux-gnu/libstdc++.so.6.0.21
7f11c2ed0000-7f11c2eda000 r--p 00172000 08:03 38019498                   /usr/lib/x86_64-linux-gnu/libstdc++.so.6.0.21
7f11c2eda000-7f11c2edc000 rw-p 0017c000 08:03 38019498                   /usr/lib/x86_64-linux-gnu/libstdc++.so.6.0.21
7f11c2edc000-7f11c2ee0000 rw-p 00000000 00:00 0 
7f11c2ee0000-7f11c3a31000 r-xp 00000000 08:03 39977623                   /usr/lib/jvm/java-7-openjdk-amd64/jre/lib/amd64/server/libjvm.so
7f11c3a31000-7f11c3c30000 ---p 00b51000 08:03 39977623                   /usr/lib/jvm/java-7-openjdk-amd64/jre/lib/amd64/server/libjvm.so
7f11c3c30000-7f11c3cc1000 r--p 00b50000 08:03 39977623                   /usr/lib/jvm/java-7-openjdk-amd64/jre/lib/amd64/server/libjvm.so
7f11c3cc1000-7f11c3ce4000 rw-p 00be1000 08:03 39977623                   /usr/lib/jvm/java-7-openjdk-amd64/jre/lib/amd64/server/libjvm.so
7f11c3ce4000-7f11c3d0f000 rw-p 00000000 00:00 0 
7f11c3d0f000-7f11c3d28000 r-xp 00000000 08:03 9703933                    /lib/x86_64-linux-gnu/libz.so.1.2.8
7f11c3d28000-7f11c3f27000 ---p 00019000 08:03 9703933                    /lib/x86_64-linux-gnu/libz.so.1.2.8
7f11c3f27000-7f11c3f28000 r--p 00018000 08:03 9703933                    /lib/x86_64-linux-gnu/libz.so.1.2.8
7f11c3f28000-7f11c3f29000 rw-p 00019000 08:03 9703933                    /lib/x86_64-linux-gnu/libz.so.1.2.8
7f11c3f29000-7f11c3f41000 r-xp 00000000 08:03 9699353                    /lib/x86_64-linux-gnu/libpthread-2.21.so
7f11c3f41000-7f11c4141000 ---p 00018000 08:03 9699353                    /lib/x86_64-linux-gnu/libpthread-2.21.so
7f11c4141000-7f11c4142000 r--p 00018000 08:03 9699353                    /lib/x86_64-linux-gnu/libpthread-2.21.so
7f11c4142000-7f11c4143000 rw-p 00019000 08:03 9699353                    /lib/x86_64-linux-gnu/libpthread-2.21.so
7f11c4143000-7f11c4147000 rw-p 00000000 00:00 0 
7f11c4147000-7f11c414a000 r-xp 00000000 08:03 9699429                    /lib/x86_64-linux-gnu/libdl-2.21.so
7f11c414a000-7f11c4349000 ---p 00003000 08:03 9699429                    /lib/x86_64-linux-gnu/libdl-2.21.so
7f11c4349000-7f11c434a000 r--p 00002000 08:03 9699429                    /lib/x86_64-linux-gnu/libdl-2.21.so
7f11c434a000-7f11c434b000 rw-p 00003000 08:03 9699429                    /lib/x86_64-linux-gnu/libdl-2.21.so
7f11c434b000-7f11c450b000 r-xp 00000000 08:03 9699433                    /lib/x86_64-linux-gnu/libc-2.21.so
7f11c450b000-7f11c470b000 ---p 001c0000 08:03 9699433                    /lib/x86_64-linux-gnu/libc-2.21.so
7f11c470b000-7f11c470f000 r--p 001c0000 08:03 9699433                    /lib/x86_64-linux-gnu/libc-2.21.so
7f11c470f000-7f11c4711000 rw-p 001c4000 08:03 9699433                    /lib/x86_64-linux-gnu/libc-2.21.so
7f11c4711000-7f11c4715000 rw-p 00000000 00:00 0 
7f11c4715000-7f11c4722000 r-xp 00000000 08:03 39977640                   /usr/lib/jvm/java-7-openjdk-amd64/jre/lib/amd64/jli/libjli.so
7f11c4722000-7f11c4921000 ---p 0000d000 08:03 39977640                   /usr/lib/jvm/java-7-openjdk-amd64/jre/lib/amd64/jli/libjli.so
7f11c4921000-7f11c4922000 r--p 0000c000 08:03 39977640                   /usr/lib/jvm/java-7-openjdk-amd64/jre/lib/amd64/jli/libjli.so
7f11c4922000-7f11c4923000 rw-p 0000d000 08:03 39977640                   /usr/lib/jvm/java-7-openjdk-amd64/jre/lib/amd64/jli/libjli.so
7f11c4923000-7f11c4947000 r-xp 00000000 08:03 9699427                    /lib/x86_64-linux-gnu/ld-2.21.so
7f11c495c000-7f11c4966000 rw-p 00000000 00:00 0 
7f11c4966000-7f11c4a1c000 rw-p 00000000 00:00 0 
7f11c4a1c000-7f11c4a1f000 ---p 00000000 00:00 0 
7f11c4a1f000-7f11c4b22000 rw-p 00000000 00:00 0                          [stack:4255]
7f11c4b23000-7f11c4b24000 rw-p 00000000 00:00 0 
7f11c4b24000-7f11c4b26000 r--s 00011000 08:03 37752832                   /home/haxx/Downloads/LeapDeveloperKit_2.3.1+31549_linux/LeapSDK/lib/LeapJava.jar
7f11c4b26000-7f11c4b2a000 r--s 0003c000 08:03 39977676                   /usr/lib/jvm/java-7-openjdk-amd64/jre/lib/ext/sunpkcs11.jar
7f11c4b2a000-7f11c4b2b000 r--s 00002000 08:03 39977671                   /usr/lib/jvm/java-7-openjdk-amd64/jre/lib/ext/dnsns.jar
7f11c4b2b000-7f11c4b2d000 r--s 00012000 08:03 39977672                   /usr/lib/jvm/java-7-openjdk-amd64/jre/lib/ext/zipfs.jar
7f11c4b2d000-7f11c4b31000 r--s 00034000 08:03 39977673                   /usr/lib/jvm/java-7-openjdk-amd64/jre/lib/ext/sunjce_provider.jar
7f11c4b31000-7f11c4b33000 r--s 00007000 08:03 38408388                   /usr/share/java/java-atk-wrapper.jar
7f11c4b33000-7f11c4b37000 r--s 00085000 08:03 39977675                   /usr/lib/jvm/java-7-openjdk-amd64/jre/lib/ext/localedata.jar
7f11c4b37000-7f11c4b3a000 r--s 0000f000 08:03 39977674                   /usr/lib/jvm/java-7-openjdk-amd64/jre/lib/ext/icedtea-sound.jar
7f11c4b3a000-7f11c4b42000 rw-s 00000000 08:03 16777287                   /tmp/hsperfdata_haxx/4250
7f11c4b42000-7f11c4b43000 rw-p 00000000 00:00 0 
7f11c4b43000-7f11c4b44000 r--p 00000000 00:00 0 
7f11c4b44000-7f11c4b46000 rw-p 00000000 00:00 0 
7f11c4b46000-7f11c4b47000 r--p 00023000 08:03 9699427                    /lib/x86_64-linux-gnu/ld-2.21.so
7f11c4b47000-7f11c4b48000 rw-p 00024000 08:03 9699427                    /lib/x86_64-linux-gnu/ld-2.21.so
7f11c4b48000-7f11c4b49000 rw-p 00000000 00:00 0 
7fff2baf2000-7fff2bb13000 rw-p 00000000 00:00 0                          [stack]
7fff2bbe1000-7fff2bbe3000 r--p 00000000 00:00 0                          [vvar]
7fff2bbe3000-7fff2bbe5000 r-xp 00000000 00:00 0                          [vdso]
ffffffffff600000-ffffffffff601000 r-xp 00000000 00:00 0                  [vsyscall]

VM Arguments:
jvm_args: -Djava.library.path=/home/haxx/Downloads/LeapDeveloperKit_2.3.1+31549_linux/LeapSDK/lib/x64 -Dfile.encoding=UTF-8 
java_command: Sample
Launcher Type: SUN_STANDARD

Environment Variables:
PATH=/usr/local/sbin:/usr/local/bin:/usr/sbin:/usr/bin:/sbin:/bin:/usr/games:/usr/local/games
SHELL=/bin/bash
DISPLAY=:0

Signal Handlers:
SIGSEGV: [libjvm.so+0x995450], sa_mask[0]=0x7ffbfeff, sa_flags=0x10000004
SIGBUS: [libjvm.so+0x995450], sa_mask[0]=0x7ffbfeff, sa_flags=0x10000004
SIGFPE: [libjvm.so+0x7fc6a0], sa_mask[0]=0x7ffbfeff, sa_flags=0x10000004
SIGPIPE: [libjvm.so+0x7fc6a0], sa_mask[0]=0x7ffbfeff, sa_flags=0x10000004
SIGXFSZ: [libjvm.so+0x7fc6a0], sa_mask[0]=0x7ffbfeff, sa_flags=0x10000004
SIGILL: [libjvm.so+0x7fc6a0], sa_mask[0]=0x7ffbfeff, sa_flags=0x10000004
SIGUSR1: SIG_DFL, sa_mask[0]=0x00000000, sa_flags=0x00000000
SIGUSR2: [libjvm.so+0x7fc520], sa_mask[0]=0x00000004, sa_flags=0x10000004
SIGHUP: [libjvm.so+0x7fc6b0], sa_mask[0]=0x7ffbfeff, sa_flags=0x10000004
SIGINT: [libjvm.so+0x7fc6b0], sa_mask[0]=0x7ffbfeff, sa_flags=0x10000004
SIGTERM: [libjvm.so+0x7fc6b0], sa_mask[0]=0x7ffbfeff, sa_flags=0x10000004
SIGQUIT: [libjvm.so+0x7fc6b0], sa_mask[0]=0x7ffbfeff, sa_flags=0x10000004
SIGTRAP: SIG_DFL, sa_mask[0]=0x00000000, sa_flags=0x00000000


---------------  S Y S T E M  ---------------

OS:Ubuntu 15.10 (wily)
uname:Linux 4.2.0-35-generic #40-Ubuntu SMP Tue Mar 15 22:15:45 UTC 2016 x86_64
libc:glibc 2.21 NPTL 2.21 
rlimit: STACK 8192k, CORE 0k, NPROC 31109, NOFILE 65536, AS infinity
load average:0.35 0.42 0.47

/proc/meminfo:
MemTotal:        8085384 kB
MemFree:         5462556 kB
MemAvailable:    6478444 kB
Buffers:           77876 kB
Cached:          1069288 kB
SwapCached:            0 kB
Active:          1862772 kB
Inactive:         581724 kB
Active(anon):    1299308 kB
Inactive(anon):   146456 kB
Active(file):     563464 kB
Inactive(file):   435268 kB
Unevictable:           0 kB
Mlocked:               0 kB
SwapTotal:      18555900 kB
SwapFree:       18555900 kB
Dirty:                80 kB
Writeback:             0 kB
AnonPages:       1297396 kB
Mapped:           262124 kB
Shmem:            148436 kB
Slab:              88492 kB
SReclaimable:      59480 kB
SUnreclaim:        29012 kB
KernelStack:        7600 kB
PageTables:        24912 kB
NFS_Unstable:          0 kB
Bounce:                0 kB
WritebackTmp:          0 kB
CommitLimit:    22598592 kB
Committed_AS:    4048404 kB
VmallocTotal:   34359738367 kB
VmallocUsed:      365872 kB
VmallocChunk:   34358947836 kB
HardwareCorrupted:     0 kB
AnonHugePages:    608256 kB
CmaTotal:              0 kB
CmaFree:               0 kB
HugePages_Total:       0
HugePages_Free:        0
HugePages_Rsvd:        0
HugePages_Surp:        0
Hugepagesize:       2048 kB
DirectMap4k:      141192 kB
DirectMap2M:     3962880 kB
DirectMap1G:     4194304 kB


CPU:total 4 (2 cores per cpu, 2 threads per core) family 6 model 61 stepping 4, cmov, cx8, fxsr, mmx, sse, sse2, sse3, ssse3, sse4.1, sse4.2, popcnt, avx, avx2, aes, erms, ht, tsc, tscinvbit

/proc/cpuinfo:
processor	: 0
vendor_id	: GenuineIntel
cpu family	: 6
model		: 61
model name	: Intel(R) Core(TM) i7-5500U CPU @ 2.40GHz
stepping	: 4
microcode	: 0x18
cpu MHz		: 2814.843
cache size	: 4096 KB
physical id	: 0
siblings	: 4
core id		: 0
cpu cores	: 2
apicid		: 0
initial apicid	: 0
fpu		: yes
fpu_exception	: yes
cpuid level	: 20
wp		: yes
flags		: fpu vme de pse tsc msr pae mce cx8 apic sep mtrr pge mca cmov pat pse36 clflush dts acpi mmx fxsr sse sse2 ss ht tm pbe syscall nx pdpe1gb rdtscp lm constant_tsc arch_perfmon pebs bts rep_good nopl xtopology nonstop_tsc aperfmperf eagerfpu pni pclmulqdq dtes64 monitor ds_cpl vmx est tm2 ssse3 fma cx16 xtpr pdcm pcid sse4_1 sse4_2 x2apic movbe popcnt tsc_deadline_timer aes xsave avx f16c rdrand lahf_lm abm 3dnowprefetch ida arat epb pln pts dtherm intel_pt tpr_shadow vnmi flexpriority ept vpid fsgsbase tsc_adjust bmi1 avx2 smep bmi2 erms invpcid rdseed adx smap xsaveopt
bugs		:
bogomips	: 4789.01
clflush size	: 64
cache_alignment	: 64
address sizes	: 39 bits physical, 48 bits virtual
power management:

processor	: 1
vendor_id	: GenuineIntel
cpu family	: 6
model		: 61
model name	: Intel(R) Core(TM) i7-5500U CPU @ 2.40GHz
stepping	: 4
microcode	: 0x18
cpu MHz		: 2918.250
cache size	: 4096 KB
physical id	: 0
siblings	: 4
core id		: 1
cpu cores	: 2
apicid		: 2
initial apicid	: 2
fpu		: yes
fpu_exception	: yes
cpuid level	: 20
wp		: yes
flags		: fpu vme de pse tsc msr pae mce cx8 apic sep mtrr pge mca cmov pat pse36 clflush dts acpi mmx fxsr sse sse2 ss ht tm pbe syscall nx pdpe1gb rdtscp lm constant_tsc arch_perfmon pebs bts rep_good nopl xtopology nonstop_tsc aperfmperf eagerfpu pni pclmulqdq dtes64 monitor ds_cpl vmx est tm2 ssse3 fma cx16 xtpr pdcm pcid sse4_1 sse4_2 x2apic movbe popcnt tsc_deadline_timer aes xsave avx f16c rdrand lahf_lm abm 3dnowprefetch ida arat epb pln pts dtherm intel_pt tpr_shadow vnmi flexpriority ept vpid fsgsbase tsc_adjust bmi1 avx2 smep bmi2 erms invpcid rdseed adx smap xsaveopt
bugs		:
bogomips	: 4789.01
clflush size	: 64
cache_alignment	: 64
address sizes	: 39 bits physical, 48 bits virtual
power management:

processor	: 2
vendor_id	: GenuineIntel
cpu family	: 6
model		: 61
model name	: Intel(R) Core(TM) i7-5500U CPU @ 2.40GHz
stepping	: 4
microcode	: 0x18
cpu MHz		: 2883.375
cache size	: 4096 KB
physical id	: 0
siblings	: 4
core id		: 0
cpu cores	: 2
apicid		: 1
initial apicid	: 1
fpu		: yes
fpu_exception	: yes
cpuid level	: 20
wp		: yes
flags		: fpu vme de pse tsc msr pae mce cx8 apic sep mtrr pge mca cmov pat pse36 clflush dts acpi mmx fxsr sse sse2 ss ht tm pbe syscall nx pdpe1gb rdtscp lm constant_tsc arch_perfmon pebs bts rep_good nopl xtopology nonstop_tsc aperfmperf eagerfpu pni pclmulqdq dtes64 monitor ds_cpl vmx est tm2 ssse3 fma cx16 xtpr pdcm pcid sse4_1 sse4_2 x2apic movbe popcnt tsc_deadline_timer aes xsave avx f16c rdrand lahf_lm abm 3dnowprefetch ida arat epb pln pts dtherm intel_pt tpr_shadow vnmi flexpriority ept vpid fsgsbase tsc_adjust bmi1 avx2 smep bmi2 erms invpcid rdseed adx smap xsaveopt
bugs		:
bogomips	: 4789.01
clflush size	: 64
cache_alignment	: 64
address sizes	: 39 bits physical, 48 bits virtual
power management:

processor	: 3
vendor_id	: GenuineIntel
cpu family	: 6
model		: 61
model name	: Intel(R) Core(TM) i7-5500U CPU @ 2.40GHz
stepping	: 4
microcode	: 0x18
cpu MHz		: 2803.968
cache size	: 4096 KB
physical id	: 0
siblings	: 4
core id		: 1
cpu cores	: 2
apicid		: 3
initial apicid	: 3
fpu		: yes
fpu_exception	: yes
cpuid level	: 20
wp		: yes
flags		: fpu vme de pse tsc msr pae mce cx8 apic sep mtrr pge mca cmov pat pse36 clflush dts acpi mmx fxsr sse sse2 ss ht tm pbe syscall nx pdpe1gb rdtscp lm constant_tsc arch_perfmon pebs bts rep_good nopl xtopology nonstop_tsc aperfmperf eagerfpu pni pclmulqdq dtes64 monitor ds_cpl vmx est tm2 ssse3 fma cx16 xtpr pdcm pcid sse4_1 sse4_2 x2apic movbe popcnt tsc_deadline_timer aes xsave avx f16c rdrand lahf_lm abm 3dnowprefetch ida arat epb pln pts dtherm intel_pt tpr_shadow vnmi flexpriority ept vpid fsgsbase tsc_adjust bmi1 avx2 smep bmi2 erms invpcid rdseed adx smap xsaveopt
bugs		:
bogomips	: 4789.01
clflush size	: 64
cache_alignment	: 64
address sizes	: 39 bits physical, 48 bits virtual
power management:



Memory: 4k page, physical 8085384k(5462556k free), swap 18555900k(18555900k free)

vm_info: OpenJDK 64-Bit Server VM (24.95-b01) for linux-amd64 JRE (1.7.0_95-b00), built on Mar 24 2016 06:07:15 by "buildd" with gcc 5.2.1 20151010

time: Mon Apr 18 08:53:01 2016
elapsed time: 3 seconds

